#
# There is insufficient memory for the Java Runtime Environment to continue.
# Native memory allocation (mmap) failed to map 15728640 bytes for Failed to commit area from 0x000000070ba00000 to 0x000000070c900000 of length 15728640.
# Possible reasons:
#   The system is out of physical RAM or swap space
#   The process is running with CompressedOops enabled, and the Java Heap may be blocking the growth of the native heap
# Possible solutions:
#   Reduce memory load on the system
#   Increase physical memory or swap space
#   Check if swap backing store is full
#   Decrease Java heap size (-Xmx/-Xms)
#   Decrease number of Java threads
#   Decrease Java thread stack sizes (-Xss)
#   Set larger code cache with -XX:ReservedCodeCacheSize=
#   JVM is running with Zero Based Compressed Oops mode in which the Java heap is
#     placed in the first 32GB address space. The Java Heap base address is the
#     maximum limit for the native heap growth. Please use -XX:HeapBaseMinAddress
#     to set the Java Heap base and to place the Java Heap above 32GB virtual address.
# This output file may be truncated or incomplete.
#
#  Out of Memory Error (t:/workspace/open/src/hotspot/os/windows/os_windows.cpp:3301), pid=7684, tid=8244
#
# JRE version: Java(TM) SE Runtime Environment (13.0.1+9) (build 13.0.1+9)
# Java VM: Java HotSpot(TM) 64-Bit Server VM (13.0.1+9, mixed mode, sharing, tiered, compressed oops, g1 gc, windows-amd64)
# No core dump will be written. Minidumps are not enabled by default on client versions of Windows
#

---------------  S U M M A R Y ------------

Command Line: -XX:TieredStopAtLevel=1 -Xverify:none -Dspring.output.ansi.enabled=always -Dcom.sun.management.jmxremote -Dspring.jmx.enabled=true -Dspring.liveBeansView.mbeanDomain -Dspring.application.admin.enabled=true -javaagent:D:\IDEA2019\IntelliJ IDEA 2019.2.3\lib\idea_rt.jar=49769:D:\IDEA2019\IntelliJ IDEA 2019.2.3\bin -Dfile.encoding=UTF-8 com.flightmap.map.MapApplication

Host: Intel(R) Core(TM) i7-8750H CPU @ 2.20GHz, 12 cores, 15G,  Windows 10 , 64 bit Build 18362 (10.0.18362.778)
Time: Mon May  4 22:02:50 2020 ?D1¨²¡À¨º¡Á?¨º¡À?? elapsed time: 12447 seconds (0d 3h 27m 27s)

---------------  T H R E A D  ---------------

Current thread (0x000001edf72f8800):  VMThread "VM Thread" [stack: 0x000000bb99600000,0x000000bb99700000] [id=8244]

Stack: [0x000000bb99600000,0x000000bb99700000]
[error occurred during error reporting (printing stack bounds), id 0xc0000005, EXCEPTION_ACCESS_VIOLATION (0xc0000005) at pc=0x000001eddbec10ad]

Native frames: (J=compiled Java code, j=interpreted, Vv=VM code, C=native code)
V  [jvm.dll+0x626eca]
V  [jvm.dll+0x772c6a]
V  [jvm.dll+0x77441f]
V  [jvm.dll+0x774985]
V  [jvm.dll+0x77493b]
V  [jvm.dll+0x6266ff]
C  [ntdll.dll+0x785b6]
C  [ntdll.dll+0x6a056]
C  [ntdll.dll+0x9fe3e]
C  0x000001eddbec10ad

VM_Operation (0x000000bb9b1fd800): G1CollectForAllocation, mode: safepoint, requested by thread 0x000001edf9e19800


---------------  P R O C E S S  ---------------

Threads class SMR info:
_java_thread_list=0x000001edf9b3a4a0, length=32, elements={
0x000001edf72fa000, 0x000001edf72fd000, 0x000001edf7320000, 0x000001edf7321800,
0x000001edf7323000, 0x000001edf7328000, 0x000001edf72e3000, 0x000001edf846d800,
0x000001edf8610800, 0x000001edf985c000, 0x000001edf9c45800, 0x000001edf9c46800,
0x000001edf9c48000, 0x000001edf9c69800, 0x000001edf9e19800, 0x000001edf9e9a800,
0x000001edf9f9f000, 0x000001edf9f9e000, 0x000001edf9fa4800, 0x000001edf9fa1800,
0x000001edf9fa2000, 0x000001edf9fa3000, 0x000001edf9fa4000, 0x000001edf9fa0000,
0x000001edf9fa0800, 0x000001edf9fb4000, 0x000001edf9fb1800, 0x000001edf9fb0800,
0x000001edf9fae000, 0x000001edf9faf000, 0x000001edf9fb4800, 0x000001edf9fb2800
}

Java Threads: ( => current thread )
  0x000001edf72fa000 JavaThread "Reference Handler" daemon [_thread_blocked, id=2616, stack(0x000000bb99700000,0x000000bb99800000)]
  0x000001edf72fd000 JavaThread "Finalizer" daemon [_thread_blocked, id=4900, stack(0x000000bb99800000,0x000000bb99900000)]
  0x000001edf7320000 JavaThread "Signal Dispatcher" daemon [_thread_blocked, id=8560, stack(0x000000bb99900000,0x000000bb99a00000)]
  0x000001edf7321800 JavaThread "Attach Listener" daemon [_thread_blocked, id=22688, stack(0x000000bb99a00000,0x000000bb99b00000)]
  0x000001edf7323000 JavaThread "C1 CompilerThread0" daemon [_thread_blocked, id=16716, stack(0x000000bb99b00000,0x000000bb99c00000)]
  0x000001edf7328000 JavaThread "Sweeper thread" daemon [_thread_blocked, id=1932, stack(0x000000bb99c00000,0x000000bb99d00000)]
  0x000001edf72e3000 JavaThread "Common-Cleaner" daemon [_thread_blocked, id=6592, stack(0x000000bb99d00000,0x000000bb99e00000)]
  0x000001edf846d800 JavaThread "Service Thread" daemon [_thread_blocked, id=15620, stack(0x000000bb99f00000,0x000000bb9a000000)]
  0x000001edf8610800 JavaThread "RMI TCP Accept-0" daemon [_thread_in_native, id=11440, stack(0x000000bb9a000000,0x000000bb9a100000)]
  0x000001edf985c000 JavaThread "RMI Scheduler(0)" daemon [_thread_blocked, id=1004, stack(0x000000bb9aa00000,0x000000bb9ab00000)]
  0x000001edf9c45800 JavaThread "Catalina-utility-1" [_thread_blocked, id=22888, stack(0x000000bb9ab00000,0x000000bb9ac00000)]
  0x000001edf9c46800 JavaThread "Catalina-utility-2" [_thread_blocked, id=15544, stack(0x000000bb9ac00000,0x000000bb9ad00000)]
  0x000001edf9c48000 JavaThread "container-0" [_thread_blocked, id=19684, stack(0x000000bb9ad00000,0x000000bb9ae00000)]
  0x000001edf9c69800 JavaThread "mysql-cj-abandoned-connection-cleanup" daemon [_thread_blocked, id=7064, stack(0x000000bb9ae00000,0x000000bb9af00000)]
  0x000001edf9e19800 JavaThread "scheduling-1" [_thread_blocked, id=22252, stack(0x000000bb9b100000,0x000000bb9b200000)]
  0x000001edf9e9a800 JavaThread "http-nio-8080-BlockPoller" daemon [_thread_in_native, id=19676, stack(0x000000bb9b400000,0x000000bb9b500000)]
  0x000001edf9f9f000 JavaThread "http-nio-8080-exec-1" daemon [_thread_blocked, id=14304, stack(0x000000bb9b500000,0x000000bb9b600000)]
  0x000001edf9f9e000 JavaThread "http-nio-8080-exec-2" daemon [_thread_blocked, id=16772, stack(0x000000bb9b600000,0x000000bb9b700000)]
  0x000001edf9fa4800 JavaThread "http-nio-8080-exec-3" daemon [_thread_blocked, id=10852, stack(0x000000bb9b700000,0x000000bb9b800000)]
  0x000001edf9fa1800 JavaThread "http-nio-8080-exec-4" daemon [_thread_blocked, id=16048, stack(0x000000bb9b800000,0x000000bb9b900000)]
  0x000001edf9fa2000 JavaThread "http-nio-8080-exec-5" daemon [_thread_blocked, id=15500, stack(0x000000bb9b900000,0x000000bb9ba00000)]
  0x000001edf9fa3000 JavaThread "http-nio-8080-exec-6" daemon [_thread_blocked, id=15676, stack(0x000000bb9ba00000,0x000000bb9bb00000)]
  0x000001edf9fa4000 JavaThread "http-nio-8080-exec-7" daemon [_thread_blocked, id=8940, stack(0x000000bb9bb00000,0x000000bb9bc00000)]
  0x000001edf9fa0000 JavaThread "http-nio-8080-exec-8" daemon [_thread_blocked, id=4988, stack(0x000000bb9bc00000,0x000000bb9bd00000)]
  0x000001edf9fa0800 JavaThread "http-nio-8080-exec-9" daemon [_thread_blocked, id=12132, stack(0x000000bb9bd00000,0x000000bb9be00000)]
  0x000001edf9fb4000 JavaThread "http-nio-8080-exec-10" daemon [_thread_blocked, id=12924, stack(0x000000bb9be00000,0x000000bb9bf00000)]
  0x000001edf9fb1800 JavaThread "http-nio-8080-ClientPoller" daemon [_thread_in_native, id=812, stack(0x000000bb9bf00000,0x000000bb9c000000)]
  0x000001edf9fb0800 JavaThread "http-nio-8080-Acceptor" daemon [_thread_in_native, id=22384, stack(0x000000bb9c000000,0x000000bb9c100000)]
  0x000001edf9fae000 JavaThread "DestroyJavaVM" [_thread_blocked, id=21684, stack(0x000000bb99000000,0x000000bb99100000)]
  0x000001edf9faf000 JavaThread "HikariPool-1 housekeeper" daemon [_thread_blocked, id=15832, stack(0x000000bb9c500000,0x000000bb9c600000)]
  0x000001edf9fb4800 JavaThread "HikariPool-1 connection closer" daemon [_thread_blocked, id=11092, stack(0x000000bb98d00000,0x000000bb98e00000)]
  0x000001edf9fb2800 JavaThread "HikariPool-1 connection adder" daemon [_thread_blocked, id=8084, stack(0x000000bb98e00000,0x000000bb98f00000)]

Other Threads:
=>0x000001edf72f8800 VMThread "VM Thread" [stack: 0x000000bb99600000,0x000000bb99700000] [id=8244]
  0x000001edf8624800 WatcherThread [stack: 0x000000bb9a100000,0x000000bb9a200000] [id=14100]
  0x000001edd3a3a000 GCTaskThread "GC Thread#0" [stack: 0x000000bb99100000,0x000000bb99200000] [id=5028]
  0x000001edf8a3f000 GCTaskThread "GC Thread#1" [stack: 0x000000bb9a300000,0x000000bb9a400000] [id=13432]
  0x000001edf8a3f800 GCTaskThread "GC Thread#2" [stack: 0x000000bb9a400000,0x000000bb9a500000] [id=14384]
  0x000001edf8a3b000 GCTaskThread "GC Thread#3" [stack: 0x000000bb9a500000,0x000000bb9a600000] [id=11736]
  0x000001edf8a3b800 GCTaskThread "GC Thread#4" [stack: 0x000000bb9a600000,0x000000bb9a700000] [id=12164]
  0x000001edf8a32000 GCTaskThread "GC Thread#5" [stack: 0x000000bb9a700000,0x000000bb9a800000] [id=11924]
  0x000001edf9c6c800 GCTaskThread "GC Thread#6" [stack: 0x000000bb9af00000,0x000000bb9b000000] [id=13736]
  0x000001edf9d69800 GCTaskThread "GC Thread#7" [stack: 0x000000bb9b000000,0x000000bb9b100000] [id=21572]
  0x000001edf9ebf800 GCTaskThread "GC Thread#8" [stack: 0x000000bb9b200000,0x000000bb9b300000] [id=10648]
  0x000001edf9ea1800 GCTaskThread "GC Thread#9" [stack: 0x000000bb9b300000,0x000000bb9b400000] [id=4772]
  0x000001edd3a5b000 ConcurrentGCThread "G1 Main Marker" [stack: 0x000000bb99200000,0x000000bb99300000] [id=416]
  0x000001edd3a5d000 ConcurrentGCThread "G1 Conc#0" [stack: 0x000000bb99300000,0x000000bb99400000] [id=7256]
  0x000001edf9932000 ConcurrentGCThread "G1 Conc#1" [stack: 0x000000bb9a200000,0x000000bb9a300000] [id=15852]
  0x000001edf9934000 ConcurrentGCThread "G1 Conc#2" [stack: 0x000000bb9a800000,0x000000bb9a900000] [id=13772]
  0x000001edf724d800 ConcurrentGCThread "G1 Refine#0" [stack: 0x000000bb99400000,0x000000bb99500000] [id=10732]
  0x000001edf724f800 ConcurrentGCThread "G1 Young RemSet Sampling" [stack: 0x000000bb99500000,0x000000bb99600000] [id=6984]

Threads with active compile tasks:

VM state:at safepoint (normal execution)

VM Mutex/Monitor currently owned by a thread:  ([mutex/lock_event])
[0x000001edd39c8590] Threads_lock - owner thread: 0x000001edf72f8800
[0x000001edd39c8e90] Heap_lock - owner thread: 0x000001edf9e19800

Heap address: 0x0000000702600000, size: 4058 MB, Compressed Oops mode: Zero based, Oop shift amount: 3
Narrow klass base: 0x0000000800000000, Narrow klass shift: 3
Compressed class space size: 1073741824 Address: 0x0000000800b40000

Heap:
 garbage-first heap   total 169984K, used 28438K [0x0000000702600000, 0x0000000800000000)
  region size 1024K, 1 young (1024K), 1 survivors (1024K)
 Metaspace       used 41059K, capacity 42204K, committed 42624K, reserved 1085440K
  class space    used 5221K, capacity 5642K, committed 5760K, reserved 1048576K
Heap Regions: E=young(eden), S=young(survivor), O=old, HS=humongous(starts), HC=humongous(continues), CS=collection set, F=free, A=archive, TAMS=top-at-mark-start (previous, next)
|   0|0x0000000702600000, 0x0000000702700000, 0x0000000702700000|100%| O|  |TAMS 0x0000000702700000, 0x0000000702700000| Untracked 
|   1|0x0000000702700000, 0x00000007027ffff8, 0x0000000702800000| 99%| O|  |TAMS 0x00000007027ffff8, 0x00000007027ffff8| Untracked 
|   2|0x0000000702800000, 0x0000000702900000, 0x0000000702900000|100%| O|  |TAMS 0x0000000702900000, 0x0000000702900000| Untracked 
|   3|0x0000000702900000, 0x0000000702a00000, 0x0000000702a00000|100%| O|  |TAMS 0x0000000702a00000, 0x0000000702a00000| Untracked 
|   4|0x0000000702a00000, 0x0000000702b00000, 0x0000000702b00000|100%| O|  |TAMS 0x0000000702b00000, 0x0000000702b00000| Untracked 
|   5|0x0000000702b00000, 0x0000000702c00000, 0x0000000702c00000|100%| O|  |TAMS 0x0000000702c00000, 0x0000000702c00000| Untracked 
|   6|0x0000000702c00000, 0x0000000702d00000, 0x0000000702d00000|100%| O|  |TAMS 0x0000000702d00000, 0x0000000702d00000| Untracked 
|   7|0x0000000702d00000, 0x0000000702d00000, 0x0000000702e00000|  0%| F|  |TAMS 0x0000000702d00000, 0x0000000702d00000| Untracked 
|   8|0x0000000702e00000, 0x0000000702f00000, 0x0000000702f00000|100%| O|  |TAMS 0x0000000702f00000, 0x0000000702f00000| Untracked 
|   9|0x0000000702f00000, 0x0000000702f00000, 0x0000000703000000|  0%| F|  |TAMS 0x0000000702f00000, 0x0000000702f00000| Untracked 
|  10|0x0000000703000000, 0x0000000703100000, 0x0000000703100000|100%| O|  |TAMS 0x0000000703100000, 0x0000000703100000| Untracked 
|  11|0x0000000703100000, 0x0000000703200000, 0x0000000703200000|100%| O|  |TAMS 0x0000000703200000, 0x0000000703200000| Untracked 
|  12|0x0000000703200000, 0x0000000703300000, 0x0000000703300000|100%| O|  |TAMS 0x0000000703300000, 0x0000000703300000| Untracked 
|  13|0x0000000703300000, 0x0000000703400000, 0x0000000703400000|100%| O|  |TAMS 0x0000000703400000, 0x0000000703400000| Untracked 
|  14|0x0000000703400000, 0x0000000703454c00, 0x0000000703500000| 33%| O|  |TAMS 0x0000000703454c00, 0x0000000703454c00| Untracked 
|  15|0x0000000703500000, 0x0000000703600000, 0x0000000703600000|100%| O|  |TAMS 0x0000000703600000, 0x0000000703600000| Untracked 
|  16|0x0000000703600000, 0x0000000703700000, 0x0000000703700000|100%| O|  |TAMS 0x0000000703700000, 0x0000000703700000| Untracked 
|  17|0x0000000703700000, 0x0000000703800000, 0x0000000703800000|100%| O|  |TAMS 0x0000000703800000, 0x0000000703800000| Untracked 
|  18|0x0000000703800000, 0x0000000703805400, 0x0000000703900000|  2%| O|  |TAMS 0x0000000703805400, 0x0000000703805400| Untracked 
|  19|0x0000000703900000, 0x0000000703906400, 0x0000000703a00000|  2%| O|  |TAMS 0x0000000703906400, 0x0000000703906400| Untracked 
|  20|0x0000000703a00000, 0x0000000703b00000, 0x0000000703b00000|100%| O|  |TAMS 0x0000000703b00000, 0x0000000703b00000| Untracked 
|  21|0x0000000703b00000, 0x0000000703c00000, 0x0000000703c00000|100%| O|  |TAMS 0x0000000703c00000, 0x0000000703c00000| Untracked 
|  22|0x0000000703c00000, 0x0000000703c11800, 0x0000000703d00000|  6%| O|  |TAMS 0x0000000703c0cc00, 0x0000000703c0ee00| Untracked 
|  23|0x0000000703d00000, 0x0000000703e00000, 0x0000000703e00000|100%| O|  |TAMS 0x0000000703e00000, 0x0000000703e00000| Untracked 
|  24|0x0000000703e00000, 0x0000000703e00000, 0x0000000703f00000|  0%| F|  |TAMS 0x0000000703e00000, 0x0000000703e00000| Untracked 
|  25|0x0000000703f00000, 0x0000000704000000, 0x0000000704000000|100%| O|  |TAMS 0x0000000704000000, 0x0000000704000000| Untracked 
|  26|0x0000000704000000, 0x0000000704100000, 0x0000000704100000|100%| O|  |TAMS 0x0000000704100000, 0x0000000704100000| Untracked 
|  27|0x0000000704100000, 0x0000000704200000, 0x0000000704200000|100%| O|  |TAMS 0x0000000704200000, 0x0000000704200000| Untracked 
|  28|0x0000000704200000, 0x0000000704200000, 0x0000000704300000|  0%| F|  |TAMS 0x0000000704200000, 0x0000000704200000| Untracked 
|  29|0x0000000704300000, 0x0000000704300000, 0x0000000704400000|  0%| F|  |TAMS 0x0000000704300000, 0x0000000704300000| Untracked 
|  30|0x0000000704400000, 0x0000000704500000, 0x0000000704500000|100%| O|  |TAMS 0x0000000704500000, 0x0000000704500000| Untracked 
|  31|0x0000000704500000, 0x0000000704600000, 0x0000000704600000|100%| O|  |TAMS 0x0000000704600000, 0x0000000704600000| Untracked 
|  32|0x0000000704600000, 0x0000000704700000, 0x0000000704700000|100%| O|  |TAMS 0x0000000704700000, 0x0000000704700000| Untracked 
|  33|0x0000000704700000, 0x0000000704800000, 0x0000000704800000|100%| O|  |TAMS 0x0000000704800000, 0x0000000704800000| Untracked 
|  34|0x0000000704800000, 0x0000000704900000, 0x0000000704900000|100%| O|  |TAMS 0x0000000704900000, 0x0000000704900000| Untracked 
|  35|0x0000000704900000, 0x00000007049ad600, 0x0000000704a00000| 67%| O|  |TAMS 0x00000007049ad600, 0x00000007049ad600| Untracked 
|  36|0x0000000704a00000, 0x0000000704a00000, 0x0000000704b00000|  0%| F|  |TAMS 0x0000000704a00000, 0x0000000704a00000| Untracked 
|  37|0x0000000704b00000, 0x0000000704b00000, 0x0000000704c00000|  0%| F|  |TAMS 0x0000000704b00000, 0x0000000704b00000| Untracked 
|  38|0x0000000704c00000, 0x0000000704c00000, 0x0000000704d00000|  0%| F|  |TAMS 0x0000000704c00000, 0x0000000704c00000| Untracked 
|  39|0x0000000704d00000, 0x0000000704d00000, 0x0000000704e00000|  0%| F|  |TAMS 0x0000000704d00000, 0x0000000704d00000| Untracked 
|  40|0x0000000704e00000, 0x0000000704e00000, 0x0000000704f00000|  0%| F|  |TAMS 0x0000000704e00000, 0x0000000704e00000| Untracked 
|  41|0x0000000704f00000, 0x0000000704f00000, 0x0000000705000000|  0%| F|  |TAMS 0x0000000704f00000, 0x0000000704f00000| Untracked 
|  42|0x0000000705000000, 0x0000000705000000, 0x0000000705100000|  0%| F|  |TAMS 0x0000000705000000, 0x0000000705000000| Untracked 
|  43|0x0000000705100000, 0x0000000705100000, 0x0000000705200000|  0%| F|  |TAMS 0x0000000705100000, 0x0000000705100000| Untracked 
|  44|0x0000000705200000, 0x0000000705200000, 0x0000000705300000|  0%| F|  |TAMS 0x0000000705200000, 0x0000000705200000| Untracked 
|  45|0x0000000705300000, 0x0000000705300000, 0x0000000705400000|  0%| F|  |TAMS 0x0000000705300000, 0x0000000705300000| Untracked 
|  46|0x0000000705400000, 0x0000000705400000, 0x0000000705500000|  0%| F|  |TAMS 0x0000000705400000, 0x0000000705400000| Untracked 
|  47|0x0000000705500000, 0x0000000705500000, 0x0000000705600000|  0%| F|  |TAMS 0x0000000705500000, 0x0000000705500000| Untracked 
|  48|0x0000000705600000, 0x0000000705600000, 0x0000000705700000|  0%| F|  |TAMS 0x0000000705600000, 0x0000000705600000| Untracked 
|  49|0x0000000705700000, 0x0000000705700000, 0x0000000705800000|  0%| F|  |TAMS 0x0000000705700000, 0x0000000705700000| Untracked 
|  50|0x0000000705800000, 0x0000000705800000, 0x0000000705900000|  0%| F|  |TAMS 0x0000000705800000, 0x0000000705800000| Untracked 
|  51|0x0000000705900000, 0x0000000705900000, 0x0000000705a00000|  0%| F|  |TAMS 0x0000000705900000, 0x0000000705900000| Untracked 
|  52|0x0000000705a00000, 0x0000000705a00000, 0x0000000705b00000|  0%| F|  |TAMS 0x0000000705a00000, 0x0000000705a00000| Untracked 
|  53|0x0000000705b00000, 0x0000000705b00000, 0x0000000705c00000|  0%| F|  |TAMS 0x0000000705b00000, 0x0000000705b00000| Untracked 
|  54|0x0000000705c00000, 0x0000000705c00000, 0x0000000705d00000|  0%| F|  |TAMS 0x0000000705c00000, 0x0000000705c00000| Untracked 
|  55|0x0000000705d00000, 0x0000000705d00000, 0x0000000705e00000|  0%| F|  |TAMS 0x0000000705d00000, 0x0000000705d00000| Untracked 
|  56|0x0000000705e00000, 0x0000000705e00000, 0x0000000705f00000|  0%| F|  |TAMS 0x0000000705e00000, 0x0000000705e00000| Untracked 
|  57|0x0000000705f00000, 0x0000000705f00000, 0x0000000706000000|  0%| F|  |TAMS 0x0000000705f00000, 0x0000000705f00000| Untracked 
|  58|0x0000000706000000, 0x0000000706000000, 0x0000000706100000|  0%| F|  |TAMS 0x0000000706000000, 0x0000000706000000| Untracked 
|  59|0x0000000706100000, 0x0000000706100000, 0x0000000706200000|  0%| F|  |TAMS 0x0000000706100000, 0x0000000706100000| Untracked 
|  60|0x0000000706200000, 0x0000000706200000, 0x0000000706300000|  0%| F|  |TAMS 0x0000000706200000, 0x0000000706200000| Untracked 
|  61|0x0000000706300000, 0x0000000706300000, 0x0000000706400000|  0%| F|  |TAMS 0x0000000706300000, 0x0000000706300000| Untracked 
|  62|0x0000000706400000, 0x0000000706400000, 0x0000000706500000|  0%| F|  |TAMS 0x0000000706400000, 0x0000000706400000| Untracked 
|  63|0x0000000706500000, 0x0000000706500000, 0x0000000706600000|  0%| F|  |TAMS 0x0000000706500000, 0x0000000706500000| Untracked 
|  64|0x0000000706600000, 0x0000000706600000, 0x0000000706700000|  0%| F|  |TAMS 0x0000000706600000, 0x0000000706600000| Untracked 
|  65|0x0000000706700000, 0x0000000706700000, 0x0000000706800000|  0%| F|  |TAMS 0x0000000706700000, 0x0000000706700000| Untracked 
|  66|0x0000000706800000, 0x0000000706800000, 0x0000000706900000|  0%| F|  |TAMS 0x0000000706800000, 0x0000000706800000| Untracked 
|  67|0x0000000706900000, 0x0000000706900000, 0x0000000706a00000|  0%| F|  |TAMS 0x0000000706900000, 0x0000000706900000| Untracked 
|  68|0x0000000706a00000, 0x0000000706a00000, 0x0000000706b00000|  0%| F|  |TAMS 0x0000000706a00000, 0x0000000706a00000| Untracked 
|  69|0x0000000706b00000, 0x0000000706b00000, 0x0000000706c00000|  0%| F|  |TAMS 0x0000000706b00000, 0x0000000706b00000| Untracked 
|  70|0x0000000706c00000, 0x0000000706c00000, 0x0000000706d00000|  0%| F|  |TAMS 0x0000000706c00000, 0x0000000706c00000| Untracked 
|  71|0x0000000706d00000, 0x0000000706d00000, 0x0000000706e00000|  0%| F|  |TAMS 0x0000000706d00000, 0x0000000706d00000| Untracked 
|  72|0x0000000706e00000, 0x0000000706e00000, 0x0000000706f00000|  0%| F|  |TAMS 0x0000000706e00000, 0x0000000706e00000| Untracked 
|  73|0x0000000706f00000, 0x0000000706f00000, 0x0000000707000000|  0%| F|  |TAMS 0x0000000706f00000, 0x0000000706f00000| Untracked 
|  74|0x0000000707000000, 0x0000000707000000, 0x0000000707100000|  0%| F|  |TAMS 0x0000000707000000, 0x0000000707000000| Untracked 
|  75|0x0000000707100000, 0x0000000707100000, 0x0000000707200000|  0%| F|  |TAMS 0x0000000707100000, 0x0000000707100000| Untracked 
|  76|0x0000000707200000, 0x0000000707200000, 0x0000000707300000|  0%| F|  |TAMS 0x0000000707200000, 0x0000000707200000| Untracked 
|  77|0x0000000707300000, 0x0000000707300000, 0x0000000707400000|  0%| F|  |TAMS 0x0000000707300000, 0x0000000707300000| Untracked 
|  78|0x0000000707400000, 0x0000000707400000, 0x0000000707500000|  0%| F|  |TAMS 0x0000000707400000, 0x0000000707400000| Untracked 
|  79|0x0000000707500000, 0x0000000707500000, 0x0000000707600000|  0%| F|  |TAMS 0x0000000707500000, 0x0000000707500000| Untracked 
|  80|0x0000000707600000, 0x0000000707600000, 0x0000000707700000|  0%| F|  |TAMS 0x0000000707600000, 0x0000000707600000| Untracked 
|  81|0x0000000707700000, 0x0000000707700000, 0x0000000707800000|  0%| F|  |TAMS 0x0000000707700000, 0x0000000707700000| Untracked 
|  82|0x0000000707800000, 0x0000000707800000, 0x0000000707900000|  0%| F|  |TAMS 0x0000000707800000, 0x0000000707800000| Untracked 
|  83|0x0000000707900000, 0x0000000707900000, 0x0000000707a00000|  0%| F|  |TAMS 0x0000000707900000, 0x0000000707900000| Untracked 
|  84|0x0000000707a00000, 0x0000000707a00000, 0x0000000707b00000|  0%| F|  |TAMS 0x0000000707a00000, 0x0000000707a00000| Untracked 
|  85|0x0000000707b00000, 0x0000000707b00000, 0x0000000707c00000|  0%| F|  |TAMS 0x0000000707b00000, 0x0000000707b00000| Untracked 
|  86|0x0000000707c00000, 0x0000000707c00000, 0x0000000707d00000|  0%| F|  |TAMS 0x0000000707c00000, 0x0000000707c00000| Untracked 
|  87|0x0000000707d00000, 0x0000000707d00000, 0x0000000707e00000|  0%| F|  |TAMS 0x0000000707d00000, 0x0000000707d00000| Untracked 
|  88|0x0000000707e00000, 0x0000000707e00000, 0x0000000707f00000|  0%| F|  |TAMS 0x0000000707e00000, 0x0000000707e00000| Untracked 
|  89|0x0000000707f00000, 0x0000000707f00000, 0x0000000708000000|  0%| F|  |TAMS 0x0000000707f00000, 0x0000000707f00000| Untracked 
|  90|0x0000000708000000, 0x0000000708000000, 0x0000000708100000|  0%| F|  |TAMS 0x0000000708000000, 0x0000000708000000| Untracked 
|  91|0x0000000708100000, 0x0000000708100000, 0x0000000708200000|  0%| F|  |TAMS 0x0000000708100000, 0x0000000708100000| Untracked 
|  92|0x0000000708200000, 0x0000000708200000, 0x0000000708300000|  0%| F|  |TAMS 0x0000000708200000, 0x0000000708200000| Untracked 
|  93|0x0000000708300000, 0x0000000708300000, 0x0000000708400000|  0%| F|  |TAMS 0x0000000708300000, 0x0000000708300000| Untracked 
|  94|0x0000000708400000, 0x0000000708400000, 0x0000000708500000|  0%| F|  |TAMS 0x0000000708400000, 0x0000000708400000| Untracked 
|  95|0x0000000708500000, 0x0000000708500000, 0x0000000708600000|  0%| F|  |TAMS 0x0000000708500000, 0x0000000708500000| Untracked 
|  96|0x0000000708600000, 0x0000000708600000, 0x0000000708700000|  0%| F|  |TAMS 0x0000000708600000, 0x0000000708600000| Untracked 
|  97|0x0000000708700000, 0x0000000708700000, 0x0000000708800000|  0%| F|  |TAMS 0x0000000708700000, 0x0000000708700000| Untracked 
|  98|0x0000000708800000, 0x0000000708800000, 0x0000000708900000|  0%| F|  |TAMS 0x0000000708800000, 0x0000000708800000| Untracked 
|  99|0x0000000708900000, 0x0000000708900000, 0x0000000708a00000|  0%| F|  |TAMS 0x0000000708900000, 0x0000000708900000| Untracked 
| 100|0x0000000708a00000, 0x0000000708a00000, 0x0000000708b00000|  0%| F|  |TAMS 0x0000000708a00000, 0x0000000708a00000| Untracked 
| 101|0x0000000708b00000, 0x0000000708b00000, 0x0000000708c00000|  0%| F|  |TAMS 0x0000000708b00000, 0x0000000708b00000| Untracked 
| 102|0x0000000708c00000, 0x0000000708c00000, 0x0000000708d00000|  0%| F|  |TAMS 0x0000000708c00000, 0x0000000708c00000| Untracked 
| 103|0x0000000708d00000, 0x0000000708d00000, 0x0000000708e00000|  0%| F|  |TAMS 0x0000000708d00000, 0x0000000708d00000| Untracked 
| 104|0x0000000708e00000, 0x0000000708e00000, 0x0000000708f00000|  0%| F|  |TAMS 0x0000000708e00000, 0x0000000708e00000| Untracked 
| 105|0x0000000708f00000, 0x0000000708fa6738, 0x0000000709000000| 65%| S|CS|TAMS 0x0000000708f00000, 0x0000000708f00000| Complete 
| 106|0x0000000709000000, 0x0000000709000000, 0x0000000709100000|  0%| F|  |TAMS 0x0000000709000000, 0x0000000709000000| Untracked 
| 107|0x0000000709100000, 0x0000000709100000, 0x0000000709200000|  0%| F|  |TAMS 0x0000000709100000, 0x0000000709100000| Untracked 
| 108|0x0000000709200000, 0x0000000709200000, 0x0000000709300000|  0%| F|  |TAMS 0x0000000709200000, 0x0000000709200000| Untracked 
| 109|0x0000000709300000, 0x0000000709300000, 0x0000000709400000|  0%| F|  |TAMS 0x0000000709300000, 0x0000000709300000| Untracked 
| 110|0x0000000709400000, 0x0000000709400000, 0x0000000709500000|  0%| F|  |TAMS 0x0000000709400000, 0x0000000709400000| Untracked 
| 111|0x0000000709500000, 0x0000000709500000, 0x0000000709600000|  0%| F|  |TAMS 0x0000000709500000, 0x0000000709500000| Untracked 
| 112|0x0000000709600000, 0x0000000709600000, 0x0000000709700000|  0%| F|  |TAMS 0x0000000709600000, 0x0000000709600000| Untracked 
| 113|0x0000000709700000, 0x0000000709700000, 0x0000000709800000|  0%| F|  |TAMS 0x0000000709700000, 0x0000000709700000| Untracked 
| 114|0x0000000709800000, 0x0000000709800000, 0x0000000709900000|  0%| F|  |TAMS 0x0000000709800000, 0x0000000709800000| Untracked 
| 115|0x0000000709900000, 0x0000000709900000, 0x0000000709a00000|  0%| F|  |TAMS 0x0000000709900000, 0x0000000709900000| Untracked 
| 116|0x0000000709a00000, 0x0000000709a00000, 0x0000000709b00000|  0%| F|  |TAMS 0x0000000709a00000, 0x0000000709a00000| Untracked 
| 117|0x0000000709b00000, 0x0000000709b00000, 0x0000000709c00000|  0%| F|  |TAMS 0x0000000709b00000, 0x0000000709b00000| Untracked 
| 118|0x0000000709c00000, 0x0000000709c00000, 0x0000000709d00000|  0%| F|  |TAMS 0x0000000709c00000, 0x0000000709c00000| Untracked 
| 119|0x0000000709d00000, 0x0000000709d00000, 0x0000000709e00000|  0%| F|  |TAMS 0x0000000709d00000, 0x0000000709d00000| Untracked 
| 120|0x0000000709e00000, 0x0000000709e00000, 0x0000000709f00000|  0%| F|  |TAMS 0x0000000709e00000, 0x0000000709e00000| Untracked 
| 121|0x0000000709f00000, 0x0000000709f00000, 0x000000070a000000|  0%| F|  |TAMS 0x0000000709f00000, 0x0000000709f00000| Untracked 
| 122|0x000000070a000000, 0x000000070a000000, 0x000000070a100000|  0%| F|  |TAMS 0x000000070a000000, 0x000000070a000000| Untracked 
| 123|0x000000070a100000, 0x000000070a100000, 0x000000070a200000|  0%| F|  |TAMS 0x000000070a100000, 0x000000070a100000| Untracked 
| 124|0x000000070a200000, 0x000000070a200000, 0x000000070a300000|  0%| F|  |TAMS 0x000000070a200000, 0x000000070a200000| Untracked 
| 125|0x000000070a300000, 0x000000070a300000, 0x000000070a400000|  0%| F|  |TAMS 0x000000070a300000, 0x000000070a300000| Untracked 
| 126|0x000000070a400000, 0x000000070a400000, 0x000000070a500000|  0%| F|  |TAMS 0x000000070a400000, 0x000000070a400000| Untracked 
| 127|0x000000070a500000, 0x000000070a500000, 0x000000070a600000|  0%| F|  |TAMS 0x000000070a500000, 0x000000070a500000| Untracked 
| 128|0x000000070a600000, 0x000000070a600000, 0x000000070a700000|  0%| F|  |TAMS 0x000000070a600000, 0x000000070a600000| Untracked 
| 129|0x000000070a700000, 0x000000070a700000, 0x000000070a800000|  0%| F|  |TAMS 0x000000070a700000, 0x000000070a700000| Untracked 
| 130|0x000000070a800000, 0x000000070a800000, 0x000000070a900000|  0%| F|  |TAMS 0x000000070a800000, 0x000000070a800000| Untracked 
| 131|0x000000070a900000, 0x000000070a900000, 0x000000070aa00000|  0%| F|  |TAMS 0x000000070a900000, 0x000000070a900000| Untracked 
| 132|0x000000070aa00000, 0x000000070aa00000, 0x000000070ab00000|  0%| F|  |TAMS 0x000000070aa00000, 0x000000070aa00000| Untracked 
| 133|0x000000070ab00000, 0x000000070ab00000, 0x000000070ac00000|  0%| F|  |TAMS 0x000000070ab00000, 0x000000070ab00000| Untracked 
| 134|0x000000070ac00000, 0x000000070ac00000, 0x000000070ad00000|  0%| F|  |TAMS 0x000000070ac00000, 0x000000070ac00000| Untracked 
| 135|0x000000070ad00000, 0x000000070ad00000, 0x000000070ae00000|  0%| F|  |TAMS 0x000000070ad00000, 0x000000070ad00000| Untracked 
| 136|0x000000070ae00000, 0x000000070ae00000, 0x000000070af00000|  0%| F|  |TAMS 0x000000070ae00000, 0x000000070ae00000| Untracked 
| 137|0x000000070af00000, 0x000000070af00000, 0x000000070b000000|  0%| F|  |TAMS 0x000000070af00000, 0x000000070af00000| Untracked 
| 138|0x000000070b000000, 0x000000070b000000, 0x000000070b100000|  0%| F|  |TAMS 0x000000070b000000, 0x000000070b000000| Untracked 
| 139|0x000000070b100000, 0x000000070b100000, 0x000000070b200000|  0%| F|  |TAMS 0x000000070b100000, 0x000000070b100000| Untracked 
| 140|0x000000070b200000, 0x000000070b200000, 0x000000070b300000|  0%| F|  |TAMS 0x000000070b200000, 0x000000070b200000| Untracked 
| 141|0x000000070b300000, 0x000000070b300000, 0x000000070b400000|  0%| F|  |TAMS 0x000000070b300000, 0x000000070b300000| Untracked 
| 142|0x000000070b400000, 0x000000070b400000, 0x000000070b500000|  0%| F|  |TAMS 0x000000070b400000, 0x000000070b400000| Untracked 
| 143|0x000000070b500000, 0x000000070b500000, 0x000000070b600000|  0%| F|  |TAMS 0x000000070b500000, 0x000000070b500000| Untracked 
| 144|0x000000070b600000, 0x000000070b600000, 0x000000070b700000|  0%| F|  |TAMS 0x000000070b600000, 0x000000070b600000| Untracked 
| 145|0x000000070b700000, 0x000000070b700000, 0x000000070b800000|  0%| F|  |TAMS 0x000000070b700000, 0x000000070b700000| Untracked 
| 146|0x000000070b800000, 0x000000070b800000, 0x000000070b900000|  0%| F|  |TAMS 0x000000070b800000, 0x000000070b800000| Untracked 
| 147|0x000000070b900000, 0x000000070b900000, 0x000000070ba00000|  0%| F|  |TAMS 0x000000070b900000, 0x000000070b900000| Untracked 
| 185|0x000000070df00000, 0x000000070df00000, 0x000000070e000000|  0%| F|  |TAMS 0x000000070df00000, 0x000000070df00000| Untracked 
| 223|0x0000000710500000, 0x0000000710500000, 0x0000000710600000|  0%| F|  |TAMS 0x0000000710500000, 0x0000000710500000| Untracked 
| 253|0x0000000712300000, 0x0000000712300000, 0x0000000712400000|  0%| F|  |TAMS 0x0000000712300000, 0x0000000712300000| Untracked 

Card table byte_map: [0x000001edebc10000,0x000001edec400000] _byte_map_base: 0x000001ede83fd000

Marking Bits (Prev, Next): (CMBitMap*) 0x000001edd3a3aa58, (CMBitMap*) 0x000001edd3a3aa98
 Prev Bits: [0x000001edecbf0000, 0x000001edf0b58000)
 Next Bits: [0x000001edf0b60000, 0x000001edf4ac8000)

Polling page: 0x000001edd1690000

Metaspace:

Usage:
  Non-class:     35.71 MB capacity,    35.00 MB ( 98%) used,   590.70 KB (  2%) free+waste,   133.56 KB ( <1%) overhead. 
      Class:      5.51 MB capacity,     5.10 MB ( 93%) used,   356.05 KB (  6%) free+waste,    64.38 KB (  1%) overhead. 
       Both:     41.21 MB capacity,    40.10 MB ( 97%) used,   946.76 KB (  2%) free+waste,   197.94 KB ( <1%) overhead. 

Virtual space:
  Non-class space:       36.00 MB reserved,      36.00 MB (100%) committed 
      Class space:        1.00 GB reserved,       5.63 MB ( <1%) committed 
             Both:        1.04 GB reserved,      41.63 MB (  4%) committed 

Chunk freelists:
   Non-Class:  302.00 KB
       Class:  100.00 KB
        Both:  402.00 KB

MaxMetaspaceSize: 17179869184.00 GB
CompressedClassSpaceSize: 1.00 GB

CodeHeap 'non-profiled nmethods': size=238336Kb used=14000Kb max_used=14000Kb free=224335Kb
 bounds [0x000001eddc600000, 0x000001eddd3b0000, 0x000001edeaec0000]
CodeHeap 'non-nmethods': size=7424Kb used=1290Kb max_used=1290Kb free=6133Kb
 bounds [0x000001eddbec0000, 0x000001eddc130000, 0x000001eddc600000]
 total_blobs=8506 nmethods=7639 adapters=500
 compilation: enabled
              stopped_count=0, restarted_count=0
 full_count=0

Compilation events (20 events):
Event: 11409.465 Thread 0x000001edf7323000 7651       1       java.lang.StringCoding::encodeASCII (158 bytes)
Event: 11409.466 Thread 0x000001edf7323000 nmethod 7651 0x000001eddd3a6690 code [0x000001eddd3a6860, 0x000001eddd3a6e50]
Event: 11491.482 Thread 0x000001edf7323000 7652   !   1       sun.security.ssl.SSLSocketOutputRecord::encodeAlert (282 bytes)
Event: 11491.483 Thread 0x000001edf7323000 nmethod 7652 0x000001eddd3a7090 code [0x000001eddd3a7320, 0x000001eddd3a7cd0]
Event: 11544.332 Thread 0x000001edf7323000 7653       1       java.math.MutableBigInteger::copyAndShift (73 bytes)
Event: 11544.332 Thread 0x000001edf7323000 nmethod 7653 0x000001eddd3a8410 code [0x000001eddd3a85c0, 0x000001eddd3a87b8]
Event: 11565.096 Thread 0x000001edf7323000 7654   !   1       sun.security.ssl.TransportContext::warning (82 bytes)
Event: 11565.097 Thread 0x000001edf7323000 nmethod 7654 0x000001eddd3a8990 code [0x000001eddd3a8b40, 0x000001eddd3a8d10]
Event: 11639.924 Thread 0x000001edf7323000 7655       1       com.sun.crypto.provider.AESCipher::engineDoFinal (20 bytes)
Event: 11639.925 Thread 0x000001edf7323000 nmethod 7655 0x000001eddd3a8e10 code [0x000001eddd3a8fc0, 0x000001eddd3a9130]
Event: 11639.925 Thread 0x000001edf7323000 7656   !   1       com.sun.crypto.provider.CipherCore::doFinal (125 bytes)
Event: 11639.926 Thread 0x000001edf7323000 nmethod 7656 0x000001eddd3a9210 code [0x000001eddd3a9420, 0x000001eddd3a9a90]
Event: 12031.424 Thread 0x000001edf7323000 7657       1       java.nio.charset.CharsetEncoder::<init> (16 bytes)
Event: 12031.425 Thread 0x000001edf7323000 nmethod 7657 0x000001eddd3a9e90 code [0x000001eddd3aa040, 0x000001eddd3aa250]
Event: 12031.425 Thread 0x000001edf7323000 7658       1       java.nio.charset.CharsetEncoder::<init> (105 bytes)
Event: 12031.425 Thread 0x000001edf7323000 nmethod 7658 0x000001eddd3aa310 code [0x000001eddd3aa520, 0x000001eddd3aab00]
Event: 12031.425 Thread 0x000001edf7323000 7659       1       java.nio.charset.CharsetEncoder::replaceWith (89 bytes)
Event: 12031.426 Thread 0x000001edf7323000 nmethod 7659 0x000001eddd3aac90 code [0x000001eddd3aaec0, 0x000001eddd3ab570]
Event: 12444.682 Thread 0x000001edf7323000 7660       1       sun.security.ssl.SSLAlgorithmConstraints$SupportedSignatureAlgorithmConstraints::permits (129 bytes)
Event: 12444.683 Thread 0x000001edf7323000 nmethod 7660 0x000001eddd3ab790 code [0x000001eddd3ab9a0, 0x000001eddd3abe40]

GC Heap History (20 events):
Event: 12446.750 GC heap after
{Heap after GC invocations=96643 (full 0):
 garbage-first heap   total 114688K, used 28390K [0x0000000702600000, 0x0000000800000000)
  region size 1024K, 2 young (2048K), 2 survivors (2048K)
 Metaspace       used 41059K, capacity 42204K, committed 42624K, reserved 1085440K
  class space    used 5221K, capacity 5642K, committed 5760K, reserved 1048576K
}
Event: 12446.792 GC heap before
{Heap before GC invocations=96644 (full 0):
 garbage-first heap   total 114688K, used 37606K [0x0000000702600000, 0x0000000800000000)
  region size 1024K, 11 young (11264K), 2 survivors (2048K)
 Metaspace       used 41059K, capacity 42204K, committed 42624K, reserved 1085440K
  class space    used 5221K, capacity 5642K, committed 5760K, reserved 1048576K
}
Event: 12446.795 GC heap after
{Heap after GC invocations=96645 (full 0):
 garbage-first heap   total 114688K, used 28424K [0x0000000702600000, 0x0000000800000000)
  region size 1024K, 1 young (1024K), 1 survivors (1024K)
 Metaspace       used 41059K, capacity 42204K, committed 42624K, reserved 1085440K
  class space    used 5221K, capacity 5642K, committed 5760K, reserved 1048576K
}
Event: 12446.850 GC heap before
{Heap before GC invocations=96646 (full 0):
 garbage-first heap   total 114688K, used 42760K [0x0000000702600000, 0x0000000800000000)
  region size 1024K, 14 young (14336K), 1 survivors (1024K)
 Metaspace       used 41059K, capacity 42204K, committed 42624K, reserved 1085440K
  class space    used 5221K, capacity 5642K, committed 5760K, reserved 1048576K
}
Event: 12446.853 GC heap after
{Heap after GC invocations=96647 (full 0):
 garbage-first heap   total 138240K, used 28434K [0x0000000702600000, 0x0000000800000000)
  region size 1024K, 1 young (1024K), 1 survivors (1024K)
 Metaspace       used 41059K, capacity 42204K, committed 42624K, reserved 1085440K
  class space    used 5221K, capacity 5642K, committed 5760K, reserved 1048576K
}
Event: 12446.899 GC heap before
{Heap before GC invocations=96648 (full 0):
 garbage-first heap   total 126976K, used 37650K [0x0000000702600000, 0x0000000800000000)
  region size 1024K, 10 young (10240K), 1 survivors (1024K)
 Metaspace       used 41059K, capacity 42204K, committed 42624K, reserved 1085440K
  class space    used 5221K, capacity 5642K, committed 5760K, reserved 1048576K
}
Event: 12446.901 GC heap after
{Heap after GC invocations=96649 (full 0):
 garbage-first heap   total 126976K, used 28433K [0x0000000702600000, 0x0000000800000000)
  region size 1024K, 1 young (1024K), 1 survivors (1024K)
 Metaspace       used 41059K, capacity 42204K, committed 42624K, reserved 1085440K
  class space    used 5221K, capacity 5642K, committed 5760K, reserved 1048576K
}
Event: 12446.940 GC heap before
{Heap before GC invocations=96650 (full 0):
 garbage-first heap   total 126976K, used 37649K [0x0000000702600000, 0x0000000800000000)
  region size 1024K, 10 young (10240K), 1 survivors (1024K)
 Metaspace       used 41059K, capacity 42204K, committed 42624K, reserved 1085440K
  class space    used 5221K, capacity 5642K, committed 5760K, reserved 1048576K
}
Event: 12446.943 GC heap after
{Heap after GC invocations=96651 (full 0):
 garbage-first heap   total 126976K, used 28425K [0x0000000702600000, 0x0000000800000000)
  region size 1024K, 1 young (1024K), 1 survivors (1024K)
 Metaspace       used 41059K, capacity 42204K, committed 42624K, reserved 1085440K
  class space    used 5221K, capacity 5642K, committed 5760K, reserved 1048576K
}
Event: 12446.983 GC heap before
{Heap before GC invocations=96652 (full 0):
 garbage-first heap   total 126976K, used 37641K [0x0000000702600000, 0x0000000800000000)
  region size 1024K, 10 young (10240K), 1 survivors (1024K)
 Metaspace       used 41059K, capacity 42204K, committed 42624K, reserved 1085440K
  class space    used 5221K, capacity 5642K, committed 5760K, reserved 1048576K
}
Event: 12446.985 GC heap after
{Heap after GC invocations=96653 (full 0):
 garbage-first heap   total 126976K, used 28437K [0x0000000702600000, 0x0000000800000000)
  region size 1024K, 1 young (1024K), 1 survivors (1024K)
 Metaspace       used 41059K, capacity 42204K, committed 42624K, reserved 1085440K
  class space    used 5221K, capacity 5642K, committed 5760K, reserved 1048576K
}
Event: 12447.025 GC heap before
{Heap before GC invocations=96654 (full 0):
 garbage-first heap   total 126976K, used 37653K [0x0000000702600000, 0x0000000800000000)
  region size 1024K, 10 young (10240K), 1 survivors (1024K)
 Metaspace       used 41059K, capacity 42204K, committed 42624K, reserved 1085440K
  class space    used 5221K, capacity 5642K, committed 5760K, reserved 1048576K
}
Event: 12447.028 GC heap after
{Heap after GC invocations=96655 (full 0):
 garbage-first heap   total 154624K, used 28439K [0x0000000702600000, 0x0000000800000000)
  region size 1024K, 1 young (1024K), 1 survivors (1024K)
 Metaspace       used 41059K, capacity 42204K, committed 42624K, reserved 1085440K
  class space    used 5221K, capacity 5642K, committed 5760K, reserved 1048576K
}
Event: 12447.076 GC heap before
{Heap before GC invocations=96656 (full 0):
 garbage-first heap   total 122880K, used 37655K [0x0000000702600000, 0x0000000800000000)
  region size 1024K, 10 young (10240K), 1 survivors (1024K)
 Metaspace       used 41059K, capacity 42204K, committed 42624K, reserved 1085440K
  class space    used 5221K, capacity 5642K, committed 5760K, reserved 1048576K
}
Event: 12447.078 GC heap after
{Heap after GC invocations=96657 (full 0):
 garbage-first heap   total 122880K, used 28441K [0x0000000702600000, 0x0000000800000000)
  region size 1024K, 1 young (1024K), 1 survivors (1024K)
 Metaspace       used 41059K, capacity 42204K, committed 42624K, reserved 1085440K
  class space    used 5221K, capacity 5642K, committed 5760K, reserved 1048576K
}
Event: 12447.142 GC heap before
{Heap before GC invocations=96658 (full 0):
 garbage-first heap   total 122880K, used 42777K [0x0000000702600000, 0x0000000800000000)
  region size 1024K, 14 young (14336K), 1 survivors (1024K)
 Metaspace       used 41059K, capacity 42204K, committed 42624K, reserved 1085440K
  class space    used 5221K, capacity 5642K, committed 5760K, reserved 1048576K
}
Event: 12447.144 GC heap after
{Heap after GC invocations=96659 (full 0):
 garbage-first heap   total 122880K, used 28429K [0x0000000702600000, 0x0000000800000000)
  region size 1024K, 1 young (1024K), 1 survivors (1024K)
 Metaspace       used 41059K, capacity 42204K, committed 42624K, reserved 1085440K
  class space    used 5221K, capacity 5642K, committed 5760K, reserved 1048576K
}
Event: 12447.184 GC heap before
{Heap before GC invocations=96660 (full 0):
 garbage-first heap   total 122880K, used 37645K [0x0000000702600000, 0x0000000800000000)
  region size 1024K, 10 young (10240K), 1 survivors (1024K)
 Metaspace       used 41059K, capacity 42204K, committed 42624K, reserved 1085440K
  class space    used 5221K, capacity 5642K, committed 5760K, reserved 1048576K
}
Event: 12447.186 GC heap after
{Heap after GC invocations=96661 (full 0):
 garbage-first heap   total 122880K, used 28435K [0x0000000702600000, 0x0000000800000000)
  region size 1024K, 1 young (1024K), 1 survivors (1024K)
 Metaspace       used 41059K, capacity 42204K, committed 42624K, reserved 1085440K
  class space    used 5221K, capacity 5642K, committed 5760K, reserved 1048576K
}
Event: 12447.237 GC heap before
{Heap before GC invocations=96662 (full 0):
 garbage-first heap   total 122880K, used 42771K [0x0000000702600000, 0x0000000800000000)
  region size 1024K, 14 young (14336K), 1 survivors (1024K)
 Metaspace       used 41059K, capacity 42204K, committed 42624K, reserved 1085440K
  class space    used 5221K, capacity 5642K, committed 5760K, reserved 1048576K
}

Deoptimization events (2 events):
Event: 2.267 Thread 0x000001edd39cd000 DEOPT PACKING pc=0x000001eddc873d3b sp=0x000000bb990f94f0
Event: 2.267 Thread 0x000001edd39cd000 DEOPT UNPACKING pc=0x000001eddbf0964e sp=0x000000bb990f89f8 mode 3

Classes unloaded (20 events):
Event: 4074.049 Thread 0x000001edf72f8800 Unloading class 0x0000000800bd0040 'jdk/internal/reflect/GeneratedSerializationConstructorAccessor1'
Event: 4074.049 Thread 0x000001edf72f8800 Unloading class 0x0000000800bbf840 'java/lang/invoke/LambdaForm$DMH'
Event: 4074.049 Thread 0x000001edf72f8800 Unloading class 0x0000000800bb8c40 'java/lang/invoke/LambdaForm$DMH'
Event: 4074.049 Thread 0x000001edf72f8800 Unloading class 0x0000000800bb2c40 'jdk/internal/reflect/GeneratedConstructorAccessor1'
Event: 4074.049 Thread 0x000001edf72f8800 Unloading class 0x0000000800bb0840 'java/lang/invoke/LambdaForm$MH'
Event: 4074.049 Thread 0x000001edf72f8800 Unloading class 0x0000000800bb0440 'java/lang/invoke/LambdaForm$MH'
Event: 4074.049 Thread 0x000001edf72f8800 Unloading class 0x0000000800bb0040 'java/lang/invoke/LambdaForm$MH'
Event: 4074.049 Thread 0x000001edf72f8800 Unloading class 0x0000000800bafc40 'java/lang/invoke/LambdaForm$MH'
Event: 4074.049 Thread 0x000001edf72f8800 Unloading class 0x0000000800baf840 'java/lang/invoke/LambdaForm$MH'
Event: 4074.049 Thread 0x000001edf72f8800 Unloading class 0x0000000800baf440 'java/lang/invoke/LambdaForm$MH'
Event: 4074.049 Thread 0x000001edf72f8800 Unloading class 0x0000000800bad040 'java/lang/invoke/LambdaForm$MH'
Event: 4074.049 Thread 0x000001edf72f8800 Unloading class 0x0000000800bacc40 'java/lang/invoke/LambdaForm$MH'
Event: 4074.049 Thread 0x000001edf72f8800 Unloading class 0x0000000800bac440 'java/lang/invoke/LambdaForm$MH'
Event: 4074.049 Thread 0x000001edf72f8800 Unloading class 0x0000000800bac040 'java/lang/invoke/LambdaForm$MH'
Event: 4074.049 Thread 0x000001edf72f8800 Unloading class 0x0000000800bab440 'java/lang/invoke/LambdaForm$MH'
Event: 4074.049 Thread 0x000001edf72f8800 Unloading class 0x0000000800baac40 'java/lang/invoke/LambdaForm$MH'
Event: 4074.049 Thread 0x000001edf72f8800 Unloading class 0x0000000800baa840 'java/lang/invoke/LambdaForm$MH'
Event: 4074.049 Thread 0x000001edf72f8800 Unloading class 0x0000000800baa040 'java/lang/invoke/LambdaForm$MH'
Event: 4074.049 Thread 0x000001edf72f8800 Unloading class 0x0000000800ba9c40 'java/lang/invoke/LambdaForm$MH'
Event: 6192.593 Thread 0x000001edf72f8800 Unloading class 0x00000008010d9c40 'jdk/internal/reflect/GeneratedConstructorAccessor47'

Classes redefined (0 events):
No events

Internal exceptions (20 events):
Event: 12347.831 Thread 0x000001edf9e19800 Exception <a 'java/net/ConnectException'{0x000000070df43480}: Connection timed out: connect> (0x000000070df43480) 
thrown [t:/workspace/open/src/hotspot/share/prims/jni.cpp, line 619]
Event: 12347.832 Thread 0x000001edf9e19800 Exception <a 'java/net/SocketException'{0x000000070df43a60}: Socket is not connected: shutdown> (0x000000070df43a60) 
thrown [t:/workspace/open/src/hotspot/share/prims/jni.cpp, line 619]
Event: 12347.832 Thread 0x000001edf9e19800 Exception <a 'java/io/IOException'{0x000000070df445b8}> (0x000000070df445b8) 
thrown [t:/workspace/open/src/hotspot/share/prims/jni.cpp, line 598]
Event: 12347.832 Thread 0x000001edf9e19800 Exception <a 'java/io/IOException'{0x000000070df44928}> (0x000000070df44928) 
thrown [t:/workspace/open/src/hotspot/share/prims/jni.cpp, line 598]
Event: 12368.838 Thread 0x000001edf9e19800 Exception <a 'java/net/ConnectException'{0x000000070df49350}: Connection timed out: connect> (0x000000070df49350) 
thrown [t:/workspace/open/src/hotspot/share/prims/jni.cpp, line 619]
Event: 12368.838 Thread 0x000001edf9e19800 Exception <a 'java/net/SocketException'{0x000000070df49930}: Socket is not connected: shutdown> (0x000000070df49930) 
thrown [t:/workspace/open/src/hotspot/share/prims/jni.cpp, line 619]
Event: 12368.838 Thread 0x000001edf9e19800 Exception <a 'java/io/IOException'{0x000000070df4a488}> (0x000000070df4a488) 
thrown [t:/workspace/open/src/hotspot/share/prims/jni.cpp, line 598]
Event: 12368.838 Thread 0x000001edf9e19800 Exception <a 'java/io/IOException'{0x000000070df4a7f8}> (0x000000070df4a7f8) 
thrown [t:/workspace/open/src/hotspot/share/prims/jni.cpp, line 598]
Event: 12389.842 Thread 0x000001edf9e19800 Exception <a 'java/net/ConnectException'{0x000000070df4f358}: Connection timed out: connect> (0x000000070df4f358) 
thrown [t:/workspace/open/src/hotspot/share/prims/jni.cpp, line 619]
Event: 12389.842 Thread 0x000001edf9e19800 Exception <a 'java/net/SocketException'{0x000000070df4f938}: Socket is not connected: shutdown> (0x000000070df4f938) 
thrown [t:/workspace/open/src/hotspot/share/prims/jni.cpp, line 619]
Event: 12389.842 Thread 0x000001edf9e19800 Exception <a 'java/io/IOException'{0x000000070df50490}> (0x000000070df50490) 
thrown [t:/workspace/open/src/hotspot/share/prims/jni.cpp, line 598]
Event: 12389.842 Thread 0x000001edf9e19800 Exception <a 'java/io/IOException'{0x000000070df50800}> (0x000000070df50800) 
thrown [t:/workspace/open/src/hotspot/share/prims/jni.cpp, line 598]
Event: 12410.846 Thread 0x000001edf9e19800 Exception <a 'java/net/ConnectException'{0x000000070df55228}: Connection timed out: connect> (0x000000070df55228) 
thrown [t:/workspace/open/src/hotspot/share/prims/jni.cpp, line 619]
Event: 12410.846 Thread 0x000001edf9e19800 Exception <a 'java/net/SocketException'{0x000000070df55808}: Socket is not connected: shutdown> (0x000000070df55808) 
thrown [t:/workspace/open/src/hotspot/share/prims/jni.cpp, line 619]
Event: 12410.847 Thread 0x000001edf9e19800 Exception <a 'java/io/IOException'{0x000000070df56360}> (0x000000070df56360) 
thrown [t:/workspace/open/src/hotspot/share/prims/jni.cpp, line 598]
Event: 12410.847 Thread 0x000001edf9e19800 Exception <a 'java/io/IOException'{0x000000070df566d0}> (0x000000070df566d0) 
thrown [t:/workspace/open/src/hotspot/share/prims/jni.cpp, line 598]
Event: 12431.285 Thread 0x000001edf9fb2800 Exception <a 'java/io/IOException'{0x0000000705c96f40}> (0x0000000705c96f40) 
thrown [t:/workspace/open/src/hotspot/share/prims/jni.cpp, line 598]
Event: 12437.574 Thread 0x000001edf9fb4800 Exception <a 'java/io/IOException'{0x0000000708682b30}> (0x0000000708682b30) 
thrown [t:/workspace/open/src/hotspot/share/prims/jni.cpp, line 598]
Event: 12440.995 Thread 0x000001edf9fb4800 Exception <a 'java/io/IOException'{0x00000007079fa910}> (0x00000007079fa910) 
thrown [t:/workspace/open/src/hotspot/share/prims/jni.cpp, line 598]
Event: 12444.674 Thread 0x000001edf9fb4800 Exception <a 'java/net/SocketException'{0x0000000708781c60}: Connection reset by peer: shutdown> (0x0000000708781c60) 
thrown [t:/workspace/open/src/hotspot/share/prims/jni.cpp, line 619]

Events (20 events):
Event: 12447.068 Executing VM operation: G1Concurrent done
Event: 12447.076 Executing VM operation: G1CollectForAllocation
Event: 12447.079 Executing VM operation: G1CollectForAllocation done
Event: 12447.104 Executing VM operation: G1Concurrent
Event: 12447.106 Executing VM operation: G1Concurrent done
Event: 12447.121 Executing VM operation: G1Concurrent
Event: 12447.121 Executing VM operation: G1Concurrent done
Event: 12447.142 Executing VM operation: G1CollectForAllocation
Event: 12447.144 Executing VM operation: G1CollectForAllocation done
Event: 12447.166 Executing VM operation: G1Concurrent
Event: 12447.168 Executing VM operation: G1Concurrent done
Event: 12447.180 Executing VM operation: G1Concurrent
Event: 12447.181 Executing VM operation: G1Concurrent done
Event: 12447.184 Executing VM operation: G1CollectForAllocation
Event: 12447.186 Executing VM operation: G1CollectForAllocation done
Event: 12447.210 Executing VM operation: G1Concurrent
Event: 12447.212 Executing VM operation: G1Concurrent done
Event: 12447.223 Executing VM operation: G1Concurrent
Event: 12447.223 Executing VM operation: G1Concurrent done
Event: 12447.236 Executing VM operation: G1CollectForAllocation


Dynamic libraries:
0x00007ff71ba10000 - 0x00007ff71ba1f000 	D:\JDK\bin\java.exe
0x00007ffc1f020000 - 0x00007ffc1f210000 	C:\WINDOWS\SYSTEM32\ntdll.dll
0x00007ffc1e9e0000 - 0x00007ffc1ea92000 	C:\WINDOWS\System32\KERNEL32.DLL
0x00007ffc1c150000 - 0x00007ffc1c3f3000 	C:\WINDOWS\System32\KERNELBASE.dll
0x00007ffc1c660000 - 0x00007ffc1c75a000 	C:\WINDOWS\System32\ucrtbase.dll
0x00007ffc19cb0000 - 0x00007ffc19cc8000 	D:\JDK\bin\jli.dll
0x00007ffc19c90000 - 0x00007ffc19ca5000 	D:\JDK\bin\VCRUNTIME140.dll
0x00007ffc1e6c0000 - 0x00007ffc1e763000 	C:\WINDOWS\System32\ADVAPI32.dll
0x00007ffc1e940000 - 0x00007ffc1e9de000 	C:\WINDOWS\System32\msvcrt.dll
0x00007ffc1ee10000 - 0x00007ffc1eea7000 	C:\WINDOWS\System32\sechost.dll
0x00007ffc1eaa0000 - 0x00007ffc1ebc0000 	C:\WINDOWS\System32\RPCRT4.dll
0x00007ffc1e0e0000 - 0x00007ffc1e274000 	C:\WINDOWS\System32\USER32.dll
0x00007ffc1c430000 - 0x00007ffc1c451000 	C:\WINDOWS\System32\win32u.dll
0x00007ffc0f710000 - 0x00007ffc0f995000 	C:\WINDOWS\WinSxS\amd64_microsoft.windows.common-controls_6595b64144ccf1df_6.0.18362.778_none_e6c6b761130d4fb8\COMCTL32.dll
0x00007ffc1edb0000 - 0x00007ffc1edd6000 	C:\WINDOWS\System32\GDI32.dll
0x00007ffc1e280000 - 0x00007ffc1e5b6000 	C:\WINDOWS\System32\combase.dll
0x00007ffc1bfb0000 - 0x00007ffc1c144000 	C:\WINDOWS\System32\gdi32full.dll
0x00007ffc1c760000 - 0x00007ffc1c7e0000 	C:\WINDOWS\System32\bcryptPrimitives.dll
0x00007ffc1cfb0000 - 0x00007ffc1d04e000 	C:\WINDOWS\System32\msvcp_win.dll
0x00007ffc14920000 - 0x00007ffc1492a000 	C:\WINDOWS\SYSTEM32\VERSION.dll
0x00007ffc1e8b0000 - 0x00007ffc1e8de000 	C:\WINDOWS\System32\IMM32.DLL
0x00007ffbf73b0000 - 0x00007ffbf744b000 	D:\JDK\bin\msvcp140.dll
0x00007ffbe1680000 - 0x00007ffbe21e6000 	D:\JDK\bin\server\jvm.dll
0x00007ffc1d980000 - 0x00007ffc1d988000 	C:\WINDOWS\System32\PSAPI.DLL
0x00007ffc19e70000 - 0x00007ffc19e94000 	C:\WINDOWS\SYSTEM32\WINMM.dll
0x00007ffc19f40000 - 0x00007ffc19f49000 	C:\WINDOWS\SYSTEM32\WSOCK32.dll
0x00007ffc1e770000 - 0x00007ffc1e7df000 	C:\WINDOWS\System32\WS2_32.dll
0x00007ffc199f0000 - 0x00007ffc19a1d000 	C:\WINDOWS\SYSTEM32\WINMMBASE.dll
0x00007ffc1cf60000 - 0x00007ffc1cfaa000 	C:\WINDOWS\System32\cfgmgr32.dll
0x00007ffc1bef0000 - 0x00007ffc1bf01000 	C:\WINDOWS\System32\kernel.appcore.dll
0x00007ffc19c80000 - 0x00007ffc19c90000 	D:\JDK\bin\verify.dll
0x00007ffc0c350000 - 0x00007ffc0c544000 	C:\WINDOWS\SYSTEM32\DBGHELP.DLL
0x00007ffc0baa0000 - 0x00007ffc0baca000 	C:\WINDOWS\SYSTEM32\dbgcore.DLL
0x00007ffc19c50000 - 0x00007ffc19c76000 	D:\JDK\bin\java.dll
0x00007ffc186b0000 - 0x00007ffc186be000 	D:\JDK\bin\instrument.dll
0x00007ffc186d0000 - 0x00007ffc186e7000 	D:\JDK\bin\zip.dll
0x00007ffc186c0000 - 0x00007ffc186ca000 	D:\JDK\bin\jimage.dll
0x00007ffc1d0d0000 - 0x00007ffc1d7b5000 	C:\WINDOWS\System32\SHELL32.dll
0x00007ffc1e030000 - 0x00007ffc1e0d9000 	C:\WINDOWS\System32\shcore.dll
0x00007ffc1c7e0000 - 0x00007ffc1cf60000 	C:\WINDOWS\System32\windows.storage.dll
0x00007ffc1bf60000 - 0x00007ffc1bf83000 	C:\WINDOWS\System32\profapi.dll
0x00007ffc1bf10000 - 0x00007ffc1bf5a000 	C:\WINDOWS\System32\powrprof.dll
0x00007ffc1bee0000 - 0x00007ffc1bef0000 	C:\WINDOWS\System32\UMPDC.dll
0x00007ffc1ef80000 - 0x00007ffc1efd2000 	C:\WINDOWS\System32\shlwapi.dll
0x00007ffc1d050000 - 0x00007ffc1d067000 	C:\WINDOWS\System32\cryptsp.dll
0x00007ffc18690000 - 0x00007ffc186a9000 	D:\JDK\bin\net.dll
0x00007ffc0ef80000 - 0x00007ffc0f070000 	C:\WINDOWS\SYSTEM32\WINHTTP.dll
0x00007ffc1b750000 - 0x00007ffc1b7b7000 	C:\WINDOWS\system32\mswsock.dll
0x00007ffc13c30000 - 0x00007ffc13c43000 	D:\JDK\bin\nio.dll
0x00007ffbf9d40000 - 0x00007ffbf9d5a000 	D:\IDEA2019\IntelliJ IDEA 2019.2.3\bin\breakgen64.dll
0x00007ffc05ee0000 - 0x00007ffc05f13000 	C:\Program Files (x86)\Sangfor\SSL\ClientComponent\1_SangforNspX64.dll
0x00007ffc1d990000 - 0x00007ffc1dae7000 	C:\WINDOWS\System32\ole32.dll
0x00007ffc1df60000 - 0x00007ffc1e024000 	C:\WINDOWS\System32\OLEAUT32.dll
0x00007ffc1b4a0000 - 0x00007ffc1b56a000 	C:\WINDOWS\SYSTEM32\DNSAPI.dll
0x00007ffc1ede0000 - 0x00007ffc1ede8000 	C:\WINDOWS\System32\NSI.dll
0x00007ffc1b460000 - 0x00007ffc1b49a000 	C:\WINDOWS\SYSTEM32\IPHLPAPI.DLL
0x00007ffc15830000 - 0x00007ffc1583a000 	C:\Windows\System32\rasadhlp.dll
0x00007ffc12df0000 - 0x00007ffc12e67000 	C:\WINDOWS\System32\fwpuclnt.dll
0x00007ffc1c400000 - 0x00007ffc1c426000 	C:\WINDOWS\System32\bcrypt.dll
0x00007ffc10810000 - 0x00007ffc10819000 	D:\JDK\bin\management.dll
0x00007ffc100d0000 - 0x00007ffc100db000 	D:\JDK\bin\management_ext.dll
0x00007ffc1b2c0000 - 0x00007ffc1b2f3000 	C:\WINDOWS\system32\rsaenh.dll
0x00007ffc1be00000 - 0x00007ffc1be25000 	C:\WINDOWS\SYSTEM32\USERENV.dll
0x00007ffc1b920000 - 0x00007ffc1b92c000 	C:\WINDOWS\SYSTEM32\CRYPTBASE.dll
0x00007ffc14520000 - 0x00007ffc14536000 	C:\WINDOWS\SYSTEM32\dhcpcsvc6.DLL
0x00007ffc14750000 - 0x00007ffc1476c000 	C:\WINDOWS\SYSTEM32\dhcpcsvc.DLL
0x00007ffc05ec0000 - 0x00007ffc05ed6000 	C:\WINDOWS\system32\napinsp.dll
0x00007ffc05ea0000 - 0x00007ffc05eba000 	C:\WINDOWS\system32\pnrpnsp.dll
0x00007ffc18660000 - 0x00007ffc1867c000 	C:\WINDOWS\system32\NLAapi.dll
0x00007ffc17aa0000 - 0x00007ffc17ab5000 	C:\WINDOWS\system32\wshbth.dll
0x00007ffc05e90000 - 0x00007ffc05e9e000 	C:\WINDOWS\System32\winrnr.dll
0x00007ffbf9b00000 - 0x00007ffbf9b25000 	D:\JDK\bin\sunec.dll
0x00007ffc0c640000 - 0x00007ffc0c64e000 	D:\JDK\bin\sunmscapi.dll
0x00007ffc1c510000 - 0x00007ffc1c659000 	C:\WINDOWS\System32\CRYPT32.dll
0x00007ffc1bf90000 - 0x00007ffc1bfa2000 	C:\WINDOWS\System32\MSASN1.dll
0x00007ffc1ba20000 - 0x00007ffc1ba46000 	C:\WINDOWS\SYSTEM32\ncrypt.dll
0x00007ffc1b9e0000 - 0x00007ffc1ba1b000 	C:\WINDOWS\SYSTEM32\NTASN1.dll
0x00007ffbf83a0000 - 0x00007ffbf84ad000 	C:\WINDOWS\SysWOW64\ierd_tgp_lsp64.dll

dbghelp: loaded successfully - version: 4.0.5 - missing functions: none
symbol engine: initialized successfully - sym options: 0x614 - pdb path: .;D:\JDK\bin;C:\WINDOWS\SYSTEM32;C:\WINDOWS\WinSxS\amd64_microsoft.windows.common-controls_6595b64144ccf1df_6.0.18362.778_none_e6c6b761130d4fb8;D:\JDK\bin\server;D:\IDEA2019\IntelliJ IDEA 2019.2.3\bin;C:\Program Files (x86)\Sangfor\SSL\ClientComponent;C:\WINDOWS\SysWOW64

VM Arguments:
jvm_args: -XX:TieredStopAtLevel=1 -Xverify:none -Dspring.output.ansi.enabled=always -Dcom.sun.management.jmxremote -Dspring.jmx.enabled=true -Dspring.liveBeansView.mbeanDomain -Dspring.application.admin.enabled=true -javaagent:D:\IDEA2019\IntelliJ IDEA 2019.2.3\lib\idea_rt.jar=49769:D:\IDEA2019\IntelliJ IDEA 2019.2.3\bin -Dfile.encoding=UTF-8 
java_command: com.flightmap.map.MapApplication
java_class_path (initial): D:\·þÎñ¶ËÏîÄ¿\map\target\classes;C:\Users\Ryan\.m2\repository\org\springframework\boot\spring-boot-starter-web\2.2.6.RELEASE\spring-boot-starter-web-2.2.6.RELEASE.jar;C:\Users\Ryan\.m2\repository\org\springframework\boot\spring-boot-starter\2.2.6.RELEASE\spring-boot-starter-2.2.6.RELEASE.jar;C:\Users\Ryan\.m2\repository\org\springframework\boot\spring-boot\2.2.6.RELEASE\spring-boot-2.2.6.RELEASE.jar;C:\Users\Ryan\.m2\repository\org\springframework\boot\spring-boot-autoconfigure\2.2.6.RELEASE\spring-boot-autoconfigure-2.2.6.RELEASE.jar;C:\Users\Ryan\.m2\repository\org\springframework\boot\spring-boot-starter-logging\2.2.6.RELEASE\spring-boot-starter-logging-2.2.6.RELEASE.jar;C:\Users\Ryan\.m2\repository\ch\qos\logback\logback-classic\1.2.3\logback-classic-1.2.3.jar;C:\Users\Ryan\.m2\repository\ch\qos\logback\logback-core\1.2.3\logback-core-1.2.3.jar;C:\Users\Ryan\.m2\repository\org\apache\logging\log4j\log4j-to-slf4j\2.12.1\log4j-to-slf4j-2.12.1.jar;C:\Users\Ryan\.m2\repository\org\apache\logging\log4j\log4j-api\2.12.1\log4j-api-2.12.1.jar;C:\Users\Ryan\.m2\repository\org\slf4j\jul-to-slf4j\1.7.30\jul-to-slf4j-1.7.30.jar;C:\Users\Ryan\.m2\repository\jakarta\annotation\jakarta.annotation-api\1.3.5\jakarta.annotation-api-1.3.5.jar;C:\Users\Ryan\.m2\repository\org\yaml\snakeyaml\1.25\snakeyaml-1.25.jar;C:\Users\Ryan\.m2\repository\org\springframework\boot\spring-boot-starter-json\2.2.6.RELEASE\spring-boot-starter-json-2.2.6.RELEASE.jar;C:\Users\Ryan\.m2\repository\com\fasterxml\jackson\core\jackson-databind\2.10.3\jackson-databind-2.10.3.jar;C:\Users\Ryan\.m2\repository\com\fasterxml\jackson\core\jackson-annotations\2.10.3\jackson-annotations-2.10.3.jar;C:\Users\Ryan\.m2\repository\com\fasterxml\jackson\core\jackson-core\2.10.3\jackson-core-2.10.3.jar;C:\Users\Ryan\.m2\repository\com\fasterxml\jackson\datatype\jackson-datatype-jdk8\2.10.3\jackson-datatype-jdk8-2.10.3.jar;C:\Users\Ryan\.m2\repository\com\fasterxml\jackson\datatype\jackson-dat
Launcher Type: SUN_STANDARD

[Global flags]
     intx CICompilerCount                          = 4                                         {product} {ergonomic}
     uint ConcGCThreads                            = 3                                         {product} {ergonomic}
     uint G1ConcRefinementThreads                  = 10                                        {product} {ergonomic}
   size_t G1HeapRegionSize                         = 1048576                                   {product} {ergonomic}
    uintx GCDrainStackTargetSize                   = 64                                        {product} {ergonomic}
   size_t InitialHeapSize                          = 266338304                                 {product} {ergonomic}
     bool ManagementServer                         = true                                      {product} {command line}
   size_t MarkStackSize                            = 4194304                                   {product} {ergonomic}
   size_t MaxHeapSize                              = 4255121408                                {product} {ergonomic}
   size_t MaxNewSize                               = 2552233984                                {product} {ergonomic}
   size_t MinHeapDeltaBytes                        = 1048576                                   {product} {ergonomic}
   size_t MinHeapSize                              = 8388608                                   {product} {ergonomic}
    uintx NonNMethodCodeHeapSize                   = 7549744                                {pd product} {ergonomic}
    uintx NonProfiledCodeHeapSize                  = 244108496                              {pd product} {ergonomic}
    uintx ProfiledCodeHeapSize                     = 0                                      {pd product} {ergonomic}
    uintx ReservedCodeCacheSize                    = 251658240                              {pd product} {ergonomic}
     bool SegmentedCodeCache                       = true                                      {product} {ergonomic}
   size_t SoftMaxHeapSize                          = 4255121408                             {manageable} {ergonomic}
     intx TieredStopAtLevel                        = 1                                         {product} {command line}
     bool UseCompressedClassPointers               = true                                 {lp64_product} {ergonomic}
     bool UseCompressedOops                        = true                                 {lp64_product} {ergonomic}
     bool UseG1GC                                  = true                                      {product} {ergonomic}
     bool UseLargePagesIndividualAllocation        = false                                  {pd product} {ergonomic}

Logging:
Log output configuration:
 #0: stdout all=warning uptime,level,tags
 #1: stderr all=off uptime,level,tags

Environment Variables:
JAVA_HOME=D:\JDK
CLASSPATH=.;D:\JDK\lib\dt.jar;D:\JDK\lib\tools.jar; 
PATH=D:\rufus351497\;C:\WINDOWS\system32;C:\WINDOWS;C:\WINDOWS\System32\Wbem;C:\WINDOWS\System32\WindowsPowerShell\v1.0\;C:\WINDOWS\System32\OpenSSH\;D:\JDK\bin;D:\JDK\jre\bin;C:\Program Files\MySQL\MySQL Server 8.0\bin;D:\nodejs\;D:\yarn\bin\;D:\Git\bin;D:\Git\mingw64\libexec\git-core;C:\Windows\System32\cmd.exe;D:\Redis\;D:\c++\bin;D:\WinSCP\;C:\Users\Ryan\AppData\Local\Programs\Python\Python38;B:\Mingw\bin\;B:\OpenCV\opencv\build\x64\vc15\bin;B:\cv3\opencv\build\x64\vc15\bin;D:\nodejs\node_global;B:\ROSE\common;C:\Users\Ryan\AppData\Local\Programs\Python\Python38\Scripts\;C:\Users\Ryan\AppData\Local\Programs\Python\Python38\;C:\Program Files\MySQL\MySQL Shell 8.0\bin\;C:\Users\Ryan\AppData\Local\Microsoft\WindowsApps;D:\IDEA2019\IntelliJ IDEA 2019.2.3\bin;;D:\datagrip\DataGrip 2019.2.5\bin;;D:\nodejs\node_global;C:\Users\Ryan\AppData\Local\Yarn\bin;D:\webstorm\WebStorm 2019.2.3\bin;;D:\Clion\CLion 2019.2.5\bin;;D:\Microsoft VS Code\bin;B:\Pycharm\PyCharm 2019.3.2\bin;;
USERNAME=Ryan
OS=Windows_NT
PROCESSOR_IDENTIFIER=Intel64 Family 6 Model 158 Stepping 10, GenuineIntel



---------------  S Y S T E M  ---------------

OS: Windows 10 , 64 bit Build 18362 (10.0.18362.778)

CPU:total 12 (initial active 12) (6 cores per cpu, 2 threads per core) family 6 model 158 stepping 10, cmov, cx8, fxsr, mmx, sse, sse2, sse3, ssse3, sse4.1, sse4.2, popcnt, avx, avx2, aes, clmul, erms, 3dnowpref, lzcnt, ht, tsc, tscinvbit, bmi1, bmi2, adx, fma

Memory: 4k page, system-wide physical 16224M (5764M free)
TotalPageFile size 18200M (AvailPageFile size 7M)
current process WorkingSet (physical memory assigned to process): 216M, peak: 320M
current process commit charge ("private bytes"): 383M, peak: 429M

vm_info: Java HotSpot(TM) 64-Bit Server VM (13.0.1+9) for windows-amd64 JRE (13.0.1+9), built on Oct  6 2019 12:37:49 by "mach5one" with unknown MS VC++:1916

END.
